[Fri Jun 24 22:42:46.284 2011] 0.015 sec [scan/0/ext 2 (0,10)] [*]
[Fri Jun 24 22:42:47.330 2011] 0.000 sec [scan/0/ext 2 (0,10)] [test]
[Fri Jun 24 22:45:21.016 2011] 0.000 sec [scan/0/ext 2 (0,10)] [test]
[Fri Jun 24 22:46:17.416 2011] 0.000 sec [scan/0/ext 2 (0,10)] [test]
[Fri Jun 24 22:52:44.283 2011] 0.000 sec [scan/0/ext 2 (0,10)] [test]
[Fri Jun 24 22:53:04.561 2011] 0.000 sec [scan/0/ext 2 (0,10)] [test]
[Fri Jun 24 22:58:37.585 2011] 0.050 sec [scan/1/ext 2 (0,10)] [test]
[Fri Jun 24 23:00:37.166 2011] 0.000 sec [scan/1/ext 2 (0,10)] [test]
[Fri Jun 24 23:02:15.932 2011] 0.000 sec [scan/1/ext 2 (0,10)] [test]
[Fri Jun 24 23:02:15.959 2011] 0.000 sec [scan/1/ext 1 (0,10)] [test]
[Sat Jun 25 11:23:35.569 2011] 0.000 sec [scan/1/ext 2 (0,10)] [test]
[Sat Jun 25 11:23:35.596 2011] 0.000 sec [scan/1/ext 1 (0,10)] [test]
[Sat Jun 25 11:23:35.617 2011] 0.000 sec [scan/1/ext 0 (0,10)] [test]
[Mon Jun 27 13:02:26.619 2011] 0.000 sec [scan/1/ext 2 (0,10)] [test]
[Mon Jun 27 13:02:26.678 2011] 0.000 sec [scan/1/ext 1 (0,10)] [test]
[Mon Jun 27 13:02:26.699 2011] 0.000 sec [scan/1/ext 0 (0,10)] [test]
[Mon Jun 27 13:08:00.501 2011] 0.087 sec [all/0/ext 1 (0,10)] [*] Neque molestie maecenas
[Mon Jun 27 13:08:13.324 2011] 0.001 sec [all/0/ext 1 (0,10)] [test] Neque molestie maecenas
[Mon Jun 27 13:08:44.424 2011] 0.001 sec [all/0/ext 1 (0,10)] [test] Neque molestie maecenas
[Mon Jun 27 13:13:33.013 2011] 0.000 sec [scan/1/ext 2 (0,10)] [test]
[Mon Jun 27 13:13:33.993 2011] 0.000 sec [scan/1/ext 1 (0,10)] [test]
[Mon Jun 27 13:13:34.639 2011] 0.000 sec [scan/1/ext 0 (0,10)] [test]
[Mon Jun 27 13:13:35.314 2011] 0.001 sec [all/0/ext 1 (0,10)] [test] Neque molestie maecenas
[Mon Jun 27 13:15:17.931 2011] 0.000 sec [scan/1/ext 2 (0,10)] [test]
[Mon Jun 27 13:15:17.958 2011] 0.000 sec [scan/1/ext 1 (0,10)] [test]
[Mon Jun 27 13:15:17.982 2011] 0.000 sec [scan/1/ext 0 (0,10)] [test]
[Mon Jun 27 13:15:18.045 2011] 0.001 sec [all/0/ext 1 (0,10)] [test] Neque molestie maecenas
[Mon Jun 27 13:15:18.065 2011] 0.000 sec [all/0/ext 0 (0,10)] [test] Cthulhu
[Mon Jun 27 13:18:44.857 2011] 0.000 sec [scan/1/ext 2 (0,10)] [test]
[Mon Jun 27 13:18:44.887 2011] 0.000 sec [scan/1/ext 1 (0,10)] [test]
[Mon Jun 27 13:18:44.909 2011] 0.000 sec [scan/1/ext 0 (0,10)] [test]
[Mon Jun 27 13:18:44.970 2011] 0.001 sec [all/0/ext 1 (0,10)] [test] Neque molestie maecenas
[Mon Jun 27 13:18:44.990 2011] 0.000 sec [all/0/ext 0 (0,10)] [test] Cthulhu
[Mon Jun 27 13:18:45.003 2011] 0.000 sec [scan/0/ext 2 (0,10)] [test]
[Mon Jun 27 13:18:45.029 2011] 0.000 sec [scan/0/ext 2 (0,10)] [test]
[Mon Jun 27 13:20:53.829 2011] 0.000 sec [scan/1/ext 2 (0,10)] [test]
[Mon Jun 27 13:20:53.856 2011] 0.000 sec [scan/1/ext 1 (0,10)] [test]
[Mon Jun 27 13:20:53.877 2011] 0.000 sec [scan/1/ext 0 (0,10)] [test]
[Mon Jun 27 13:20:53.941 2011] 0.001 sec [all/0/ext 1 (0,10)] [test] Neque molestie maecenas
[Mon Jun 27 13:20:53.961 2011] 0.000 sec [all/0/ext 0 (0,10)] [test] Cthulhu
[Mon Jun 27 13:22:32.262 2011] 0.000 sec [scan/1/ext 2 (0,10)] [test]
[Mon Jun 27 13:22:32.289 2011] 0.000 sec [scan/1/ext 1 (0,10)] [test]
[Mon Jun 27 13:22:32.310 2011] 0.000 sec [scan/1/ext 0 (0,10)] [test]
[Mon Jun 27 13:22:32.371 2011] 0.001 sec [all/0/ext 1 (0,10)] [test] Neque molestie maecenas
[Mon Jun 27 13:22:32.395 2011] 0.000 sec [all/0/ext 0 (0,10)] [test] Cthulhu
[Mon Jun 27 13:22:32.408 2011] 0.000 sec [scan/1/ext 0 (0,10)] [test]
[Mon Jun 27 13:22:32.422 2011] 0.000 sec [scan/1/ext 0 (0,10)] [test]
[Mon Jun 27 16:41:19.238 2011] 0.001 sec [ext/0/ext 2 (0,10)] [test]  @author Alexey Artamonov
[Mon Jun 27 16:43:24.844 2011] 0.000 sec [ext/0/ext 2 (0,10)] [*]  @author Alexey Artamonov
[Mon Jun 27 16:43:32.564 2011] 0.000 sec [ext/0/ext 2 (0,10)] [*]  @author Alexey Artamonov
[Mon Jun 27 16:43:32.564 2011] 0.000 sec [ext/0/ext 2 (0,10)] [*] test
[Mon Jun 27 16:43:46.284 2011] 0.000 sec [ext/0/ext 2 (0,10)] [*]  @author Alexey Artamonov
[Mon Jun 27 16:43:46.284 2011] 0.000 sec [ext/0/ext 2 (0,10)] [*] test
[Mon Jun 27 16:43:46.285 2011] 0.000 sec [ext/0/ext 2 (0,10)] [test]  @author Alexey Artamonov
[Mon Jun 27 16:52:04.526 2011] 0.000 sec [ext/0/ext 2 (0,10)] [test]  @author Alexey Artamonov
[Mon Jun 27 16:52:34.318 2011] 0.000 sec [ext/0/ext 2 (0,10)] [test]  @author Alexey Artamonov
[Mon Jun 27 16:57:04.967 2011] 0.001 sec [all/0/ext 1 (0,10)] [test] Neque molestie maecenas
[Mon Jun 27 16:57:04.988 2011] 0.000 sec [all/0/ext 0 (0,10)] [test] Cthulhu
[Mon Jun 27 16:57:05.002 2011] 0.000 sec [ext/0/ext 2 (0,10)] [test]  @author Alexey Artamonov
[Mon Jun 27 16:57:05.076 2011] 0.000 sec [ext/0/ext 0 (0,10)] [test]  @author Constantine Kipnis
[Mon Jun 27 16:59:48.249 2011] 0.000 sec [scan/1/ext 2 (0,10)] [test]
[Mon Jun 27 16:59:48.276 2011] 0.000 sec [scan/1/ext 1 (0,10)] [test]
[Mon Jun 27 16:59:48.311 2011] 0.000 sec [scan/1/ext 0 (0,10)] [test]
[Mon Jun 27 16:59:48.372 2011] 0.001 sec [all/0/ext 1 (0,10)] [test] Neque molestie maecenas
[Mon Jun 27 16:59:48.396 2011] 0.000 sec [all/0/ext 0 (0,10)] [test] Cthulhu
[Mon Jun 27 16:59:48.411 2011] 0.001 sec [ext/0/ext 2 (0,10)] [test]  @author Alexey Artamonov
[Mon Jun 27 16:59:48.438 2011] 0.000 sec [ext/0/ext 0 (0,10)] [test]  @author Constantine Kipnis
[Mon Jun 27 17:11:37.295 2011] 0.000 sec [scan/0/ext 2 (0,10)] [test]
[Mon Jun 27 17:11:37.323 2011] 0.000 sec [scan/1/ext 2 (0,10)] [test]
[Mon Jun 27 17:11:37.398 2011] 0.000 sec [scan/1/ext 1 (0,10)] [test]
[Mon Jun 27 17:11:37.418 2011] 0.000 sec [scan/1/ext 0 (0,10)] [test]
[Mon Jun 27 17:11:37.433 2011] 0.001 sec [all/0/ext 1 (0,10)] [test] Neque molestie maecenas
[Mon Jun 27 17:11:37.453 2011] 0.000 sec [all/0/ext 0 (0,10)] [test] Cthulhu
[Mon Jun 27 17:11:37.468 2011] 0.001 sec [ext/0/ext 2 (0,10)] [test]  @author Alexey Artamonov
[Mon Jun 27 17:11:37.494 2011] 0.000 sec [ext/0/ext 0 (0,10)] [test]  @author Constantine Kipnis
[Mon Jun 27 21:40:07.920 2011] 0.000 sec [scan/0/ext 2 (0,10)] [test]
[Mon Jun 27 21:40:07.950 2011] 0.000 sec [scan/1/ext 2 (0,10)] [test]
[Mon Jun 27 21:40:08.025 2011] 0.000 sec [scan/1/ext 1 (0,10)] [test]
[Mon Jun 27 21:40:08.046 2011] 0.000 sec [scan/1/ext 0 (0,10)] [test]
[Mon Jun 27 21:40:08.060 2011] 0.001 sec [all/0/ext 1 (0,10)] [test] Neque molestie maecenas
[Mon Jun 27 21:40:08.080 2011] 0.000 sec [all/0/ext 0 (0,10)] [test] Cthulhu
[Mon Jun 27 21:40:08.094 2011] 0.001 sec [ext/0/ext 2 (0,10)] [test]  @author Alexey Artamonov
[Mon Jun 27 21:40:08.121 2011] 0.000 sec [ext/0/ext 0 (0,10)] [test]  @author Constantine Kipnis
[Mon Jun 27 21:40:55.104 2011] 0.000 sec [scan/0/ext 2 (0,10)] [test]
[Mon Jun 27 21:40:55.133 2011] 0.000 sec [scan/1/ext 2 (0,10)] [test]
[Mon Jun 27 21:40:55.236 2011] 0.000 sec [scan/1/ext 1 (0,10)] [test]
[Mon Jun 27 21:40:55.257 2011] 0.000 sec [scan/1/ext 0 (0,10)] [test]
[Mon Jun 27 21:40:55.271 2011] 0.001 sec [all/0/ext 1 (0,10)] [test] Neque molestie maecenas
[Mon Jun 27 21:40:55.291 2011] 0.000 sec [all/0/ext 0 (0,10)] [test] Cthulhu
[Mon Jun 27 21:40:55.305 2011] 0.001 sec [ext/0/ext 2 (0,10)] [test]  @author Alexey Artamonov
[Mon Jun 27 21:40:55.331 2011] 0.000 sec [ext/0/ext 0 (0,10)] [test]  @author Constantine Kipnis
[Mon Jun 27 22:13:34.352 2011] 0.000 sec [scan/0/ext 2 (0,10)] [test]
[Mon Jun 27 22:13:34.382 2011] 0.000 sec [scan/1/ext 2 (0,10)] [test]
[Mon Jun 27 22:13:34.460 2011] 0.000 sec [scan/1/ext 1 (0,10)] [test]
[Mon Jun 27 22:13:34.481 2011] 0.000 sec [scan/1/ext 0 (0,10)] [test]
[Mon Jun 27 22:13:34.495 2011] 0.001 sec [all/0/ext 1 (0,10)] [test] Neque molestie maecenas
[Mon Jun 27 22:13:34.516 2011] 0.000 sec [all/0/ext 0 (0,10)] [test] Cthulhu
[Mon Jun 27 22:13:34.530 2011] 0.000 sec [ext/0/ext 2 (0,10)] [test]  @author Alexey Artamonov
[Mon Jun 27 22:13:34.560 2011] 0.000 sec [ext/0/ext 0 (0,10)] [test]  @author Constantine Kipnis
[Mon Jun 27 22:25:22.102 2011] 0.000 sec [scan/0/ext 2 (0,10)] [test]
[Mon Jun 27 22:25:22.130 2011] 0.000 sec [scan/1/ext 2 (0,10)] [test]
[Mon Jun 27 22:25:22.206 2011] 0.000 sec [scan/1/ext 1 (0,10)] [test]
[Mon Jun 27 22:25:22.227 2011] 0.000 sec [scan/1/ext 0 (0,10)] [test]
[Mon Jun 27 22:25:22.241 2011] 0.001 sec [all/0/ext 1 (0,10)] [test] Neque molestie maecenas
[Mon Jun 27 22:25:22.261 2011] 0.000 sec [all/0/ext 0 (0,10)] [test] Cthulhu
[Mon Jun 27 22:25:22.275 2011] 0.001 sec [ext/0/ext 2 (0,10)] [test]  @author Alexey Artamonov
[Mon Jun 27 22:25:22.302 2011] 0.000 sec [ext/0/ext 0 (0,10)] [test]  @author Constantine Kipnis
[Mon Jun 27 22:28:21.684 2011] 0.000 sec [scan/0/ext 2 (0,10)] [test]
[Mon Jun 27 22:28:21.713 2011] 0.000 sec [scan/1/ext 2 (0,10)] [test]
[Mon Jun 27 22:28:21.788 2011] 0.000 sec [scan/1/ext 1 (0,10)] [test]
[Mon Jun 27 22:28:21.808 2011] 0.000 sec [scan/1/ext 0 (0,10)] [test]
[Mon Jun 27 22:28:21.822 2011] 0.001 sec [all/0/ext 1 (0,10)] [test] Neque molestie maecenas
[Mon Jun 27 22:28:21.843 2011] 0.000 sec [all/0/ext 0 (0,10)] [test] Cthulhu
[Mon Jun 27 22:28:21.862 2011] 0.001 sec [ext/0/ext 2 (0,10)] [test]  @author Alexey Artamonov
[Mon Jun 27 22:28:21.889 2011] 0.000 sec [ext/0/ext 0 (0,10)] [test]  @author Constantine Kipnis
[Mon Jun 27 22:28:37.436 2011] 0.000 sec [scan/0/ext 2 (0,10)] [test]
[Mon Jun 27 22:28:37.466 2011] 0.000 sec [scan/1/ext 2 (0,10)] [test]
[Mon Jun 27 22:28:37.545 2011] 0.000 sec [scan/1/ext 1 (0,10)] [test]
[Mon Jun 27 22:28:37.565 2011] 0.000 sec [scan/1/ext 0 (0,10)] [test]
[Mon Jun 27 22:28:37.579 2011] 0.001 sec [all/0/ext 1 (0,10)] [test] Neque molestie maecenas
[Mon Jun 27 22:28:37.600 2011] 0.000 sec [all/0/ext 0 (0,10)] [test] Cthulhu
[Mon Jun 27 22:28:37.614 2011] 0.001 sec [ext/0/ext 2 (0,10)] [test]  @author Alexey Artamonov
[Mon Jun 27 22:28:37.641 2011] 0.000 sec [ext/0/ext 0 (0,10)] [test]  @author Constantine Kipnis
[Mon Jun 27 23:00:19.832 2011] 0.000 sec [scan/0/ext 2 (0,10)] [test]
[Mon Jun 27 23:00:19.861 2011] 0.000 sec [scan/1/ext 2 (0,10)] [test]
[Mon Jun 27 23:00:19.939 2011] 0.000 sec [scan/1/ext 1 (0,10)] [test]
[Mon Jun 27 23:00:19.964 2011] 0.000 sec [scan/1/ext 0 (0,10)] [test]
[Mon Jun 27 23:00:19.978 2011] 0.001 sec [all/0/ext 1 (0,10)] [test] Neque molestie maecenas
[Mon Jun 27 23:00:19.998 2011] 0.000 sec [all/0/ext 0 (0,10)] [test] Cthulhu
[Mon Jun 27 23:00:20.012 2011] 0.001 sec [ext/0/ext 2 (0,10)] [test]  @author Alexey Artamonov
[Mon Jun 27 23:00:20.039 2011] 0.000 sec [ext/0/ext 0 (0,10)] [test]  @author Constantine Kipnis
